he_bing/build/intermediates/manifest_merge_blame_file/debug/manifest-merger-blame-debug-report.txt
1<?xml version="1.0" encoding="utf-8"?>
2<manifest xmlns:android="http://schemas.android.com/apk/res/android"
3    package="com.wd.he_bing"
4    android:versionCode="1"
5    android:versionName="1.0" >
6
7    <uses-sdk
8        android:minSdkVersion="26"
8-->main\library\AndroidManifest.xml
9        android:targetSdkVersion="27" />
9-->main\library\AndroidManifest.xml
10
11    <application
11-->main\library\AndroidManifest.xml:5:5-22:19
12        android:name="com.bwie.mvplibrary.app.App"
12-->main\library\AndroidManifest.xml:6:9-51
13        android:allowBackup="true"
13-->main\library\AndroidManifest.xml:7:9-35
14        android:icon="@mipmap/ic_launcher"
14-->main\library\AndroidManifest.xml:8:9-43
15        android:label="@string/app_name"
15-->main\library\AndroidManifest.xml:9:9-41
16        android:roundIcon="@mipmap/ic_launcher_round"
16-->main\library\AndroidManifest.xml:10:9-54
17        android:supportsRtl="true"
17-->main\library\AndroidManifest.xml:11:9-35
18        android:theme="@style/AppTheme" >
18-->main\library\AndroidManifest.xml:12:9-40
19        <activity android:name="com.wd.he_bing.view.ReleaseCirclesActivity" />
19-->main\library\AndroidManifest.xml:13:9-74
19-->main\library\AndroidManifest.xml:13:19-62
20        <activity android:name="com.wd.he_bing.view.CPatientCircleDetailsActivity" />
20-->main\library\AndroidManifest.xml:14:9-72
20-->main\library\AndroidManifest.xml:14:19-69
21        <activity android:name="com.wd.he_bing.view.MainBingActivity" >
21-->main\library\AndroidManifest.xml:15:9-21:20
21-->main\library\AndroidManifest.xml:15:19-56
22            <intent-filter>
22-->main\library\AndroidManifest.xml:16:13-20:29
23                <action android:name="android.intent.action.MAIN" />
23-->main\library\AndroidManifest.xml:17:17-69
23-->main\library\AndroidManifest.xml:17:25-66
24
25                <category android:name="android.intent.category.LAUNCHER" />
25-->main\library\AndroidManifest.xml:19:17-77
25-->main\library\AndroidManifest.xml:19:27-74
26            </intent-filter>
27        </activity>
28    </application>
29
30</manifest>